<?xml version="1.0" encoding="UTF-8"?>
<!-- Generated by org.testng.reporters.JUnitXMLReporter -->
<testsuite ignored="0" hostname="LAPTOP-C2H4F96L" failures="0" tests="3" name="RegisteredCustomersTest" time="3.621" errors="0" timestamp="2023-08-24T11:49:11 EDT">
  <testcase classname="com.google.tests.RegisteredCustomersTest" name="@BeforeTest setup" time="3.568">
    <failure type="org.openqa.selenium.remote.http.ConnectionFailedException" message="Unable to establish websocket connection to http://localhost:62973/devtools/browser/84daed03-d90d-4855-907d-22047a489e0f
Build info: version: &amp;apos;4.7.2&amp;apos;, revision: &amp;apos;4d4020c3b7&amp;apos;
System info: os.name: &amp;apos;Windows 11&amp;apos;, os.arch: &amp;apos;amd64&amp;apos;, os.version: &amp;apos;10.0&amp;apos;, java.version: &amp;apos;20.0.2&amp;apos;
Driver info: driver.version: EdgeDriver">
      <![CDATA[org.openqa.selenium.remote.http.ConnectionFailedException: Unable to establish websocket connection to http://localhost:62973/devtools/browser/84daed03-d90d-4855-907d-22047a489e0f
Build info: version: '4.7.2', revision: '4d4020c3b7'
System info: os.name: 'Windows 11', os.arch: 'amd64', os.version: '10.0', java.version: '20.0.2'
Driver info: driver.version: EdgeDriver
at org.openqa.selenium.remote.http.netty.NettyWebSocket.<init>(NettyWebSocket.java:102)
at org.openqa.selenium.remote.http.netty.NettyWebSocket.lambda$create$3(NettyWebSocket.java:128)
at org.openqa.selenium.remote.http.netty.NettyClient.openSocket(NettyClient.java:107)
at org.openqa.selenium.devtools.Connection.<init>(Connection.java:78)
at org.openqa.selenium.chromium.ChromiumDriver.lambda$new$2(ChromiumDriver.java:116)
at java.base/java.util.Optional.map(Optional.java:260)
at org.openqa.selenium.chromium.ChromiumDriver.<init>(ChromiumDriver.java:114)
at org.openqa.selenium.edge.EdgeDriver.<init>(EdgeDriver.java:54)
at org.openqa.selenium.edge.EdgeDriver.<init>(EdgeDriver.java:46)
at org.openqa.selenium.edge.EdgeDriver.<init>(EdgeDriver.java:42)
at config.DriverConfig.initializeDriver(DriverConfig.java:46)
at com.google.tests.RegisteredCustomersTest.setup(RegisteredCustomersTest.java:31)
... Removed 25 stack frames]]>
    </failure>
  </testcase> <!-- @BeforeTest setup -->
  <testcase classname="com.google.tests.RegisteredCustomersTest" name="@BeforeMethod launchURL" time="0.0">
    <skipped/>
  </testcase> <!-- @BeforeMethod launchURL -->
  <testcase classname="com.google.tests.RegisteredCustomersTest" name="@BeforeMethod launchURL" time="0.0">
    <skipped/>
  </testcase> <!-- @BeforeMethod launchURL -->
  <testcase classname="com.google.tests.RegisteredCustomersTest" name="@BeforeMethod launchURL" time="0.0">
    <skipped/>
  </testcase> <!-- @BeforeMethod launchURL -->
  <testcase classname="com.google.tests.RegisteredCustomersTest" name="@AfterTest tearDown" time="0.0">
    <skipped/>
  </testcase> <!-- @AfterTest tearDown -->
  <testcase classname="com.google.tests.RegisteredCustomersTest" name="validateForgotPassword" time="0.0">
    <skipped/>
  </testcase> <!-- validateForgotPassword -->
  <testcase classname="com.google.tests.RegisteredCustomersTest" name="validateLogin" time="0.0">
    <skipped/>
  </testcase> <!-- validateLogin -->
  <testcase classname="com.google.tests.RegisteredCustomersTest" name="validateSignOut" time="0.0">
    <skipped/>
  </testcase> <!-- validateSignOut -->
</testsuite> <!-- RegisteredCustomersTest -->
